<?xml version="1.0" encoding="UTF-8"?>
<testsuite xmlns:xsi="http://www.w3.org/2001/XMLSchema-instance" xsi:noNamespaceSchemaLocation="https://maven.apache.org/surefire/maven-surefire-plugin/xsd/surefire-test-report.xsd" name="com.mengxuegu.springboot.SpringBootBillApplicationTests" time="7.462" tests="3" errors="1" skipped="0" failures="0">
  <properties>
    <property name="sun.desktop" value="windows"/>
    <property name="awt.toolkit" value="sun.awt.windows.WToolkit"/>
    <property name="file.encoding.pkg" value="sun.io"/>
    <property name="java.specification.version" value="1.8"/>
    <property name="sun.cpu.isalist" value="amd64"/>
    <property name="sun.jnu.encoding" value="GBK"/>
    <property name="java.class.path" value="D:\SpringBootProject\spring-boot-00-bill\target\test-classes;D:\SpringBootProject\spring-boot-00-bill\target\classes;D:\javasource\maven-repository\org\springframework\boot\spring-boot-starter-thymeleaf\2.1.0.RELEASE\spring-boot-starter-thymeleaf-2.1.0.RELEASE.jar;D:\javasource\maven-repository\org\springframework\boot\spring-boot-starter\2.1.0.RELEASE\spring-boot-starter-2.1.0.RELEASE.jar;D:\javasource\maven-repository\org\springframework\boot\spring-boot-starter-logging\2.1.0.RELEASE\spring-boot-starter-logging-2.1.0.RELEASE.jar;D:\javasource\maven-repository\ch\qos\logback\logback-classic\1.2.3\logback-classic-1.2.3.jar;D:\javasource\maven-repository\ch\qos\logback\logback-core\1.2.3\logback-core-1.2.3.jar;D:\javasource\maven-repository\org\apache\logging\log4j\log4j-to-slf4j\2.11.1\log4j-to-slf4j-2.11.1.jar;D:\javasource\maven-repository\org\apache\logging\log4j\log4j-api\2.11.1\log4j-api-2.11.1.jar;D:\javasource\maven-repository\org\slf4j\jul-to-slf4j\1.7.25\jul-to-slf4j-1.7.25.jar;D:\javasource\maven-repository\javax\annotation\javax.annotation-api\1.3.2\javax.annotation-api-1.3.2.jar;D:\javasource\maven-repository\org\yaml\snakeyaml\1.23\snakeyaml-1.23.jar;D:\javasource\maven-repository\org\thymeleaf\thymeleaf-spring5\3.0.11.RELEASE\thymeleaf-spring5-3.0.11.RELEASE.jar;D:\javasource\maven-repository\org\thymeleaf\thymeleaf\3.0.11.RELEASE\thymeleaf-3.0.11.RELEASE.jar;D:\javasource\maven-repository\org\attoparser\attoparser\2.0.5.RELEASE\attoparser-2.0.5.RELEASE.jar;D:\javasource\maven-repository\org\unbescape\unbescape\1.1.6.RELEASE\unbescape-1.1.6.RELEASE.jar;D:\javasource\maven-repository\org\slf4j\slf4j-api\1.7.25\slf4j-api-1.7.25.jar;D:\javasource\maven-repository\org\thymeleaf\extras\thymeleaf-extras-java8time\3.0.1.RELEASE\thymeleaf-extras-java8time-3.0.1.RELEASE.jar;D:\javasource\maven-repository\org\springframework\boot\spring-boot-starter-web\2.1.0.RELEASE\spring-boot-starter-web-2.1.0.RELEASE.jar;D:\javasource\maven-repository\org\springframework\boot\spring-boot-starter-json\2.1.0.RELEASE\spring-boot-starter-json-2.1.0.RELEASE.jar;D:\javasource\maven-repository\com\fasterxml\jackson\core\jackson-databind\2.9.7\jackson-databind-2.9.7.jar;D:\javasource\maven-repository\com\fasterxml\jackson\core\jackson-annotations\2.9.0\jackson-annotations-2.9.0.jar;D:\javasource\maven-repository\com\fasterxml\jackson\core\jackson-core\2.9.7\jackson-core-2.9.7.jar;D:\javasource\maven-repository\com\fasterxml\jackson\datatype\jackson-datatype-jdk8\2.9.7\jackson-datatype-jdk8-2.9.7.jar;D:\javasource\maven-repository\com\fasterxml\jackson\datatype\jackson-datatype-jsr310\2.9.7\jackson-datatype-jsr310-2.9.7.jar;D:\javasource\maven-repository\com\fasterxml\jackson\module\jackson-module-parameter-names\2.9.7\jackson-module-parameter-names-2.9.7.jar;D:\javasource\maven-repository\org\springframework\boot\spring-boot-starter-tomcat\2.1.0.RELEASE\spring-boot-starter-tomcat-2.1.0.RELEASE.jar;D:\javasource\maven-repository\org\apache\tomcat\embed\tomcat-embed-core\9.0.12\tomcat-embed-core-9.0.12.jar;D:\javasource\maven-repository\org\apache\tomcat\embed\tomcat-embed-el\9.0.12\tomcat-embed-el-9.0.12.jar;D:\javasource\maven-repository\org\apache\tomcat\embed\tomcat-embed-websocket\9.0.12\tomcat-embed-websocket-9.0.12.jar;D:\javasource\maven-repository\org\hibernate\validator\hibernate-validator\6.0.13.Final\hibernate-validator-6.0.13.Final.jar;D:\javasource\maven-repository\javax\validation\validation-api\2.0.1.Final\validation-api-2.0.1.Final.jar;D:\javasource\maven-repository\org\jboss\logging\jboss-logging\3.3.2.Final\jboss-logging-3.3.2.Final.jar;D:\javasource\maven-repository\com\fasterxml\classmate\1.4.0\classmate-1.4.0.jar;D:\javasource\maven-repository\org\springframework\spring-web\5.1.2.RELEASE\spring-web-5.1.2.RELEASE.jar;D:\javasource\maven-repository\org\springframework\spring-beans\5.1.2.RELEASE\spring-beans-5.1.2.RELEASE.jar;D:\javasource\maven-repository\org\springframework\spring-webmvc\5.1.2.RELEASE\spring-webmvc-5.1.2.RELEASE.jar;D:\javasource\maven-repository\org\springframework\spring-aop\5.1.2.RELEASE\spring-aop-5.1.2.RELEASE.jar;D:\javasource\maven-repository\org\springframework\spring-context\5.1.2.RELEASE\spring-context-5.1.2.RELEASE.jar;D:\javasource\maven-repository\org\springframework\spring-expression\5.1.2.RELEASE\spring-expression-5.1.2.RELEASE.jar;D:\javasource\maven-repository\org\mybatis\spring\boot\mybatis-spring-boot-starter\1.3.2\mybatis-spring-boot-starter-1.3.2.jar;D:\javasource\maven-repository\org\springframework\boot\spring-boot-starter-jdbc\2.1.0.RELEASE\spring-boot-starter-jdbc-2.1.0.RELEASE.jar;D:\javasource\maven-repository\com\zaxxer\HikariCP\3.2.0\HikariCP-3.2.0.jar;D:\javasource\maven-repository\org\springframework\spring-jdbc\5.1.2.RELEASE\spring-jdbc-5.1.2.RELEASE.jar;D:\javasource\maven-repository\org\springframework\spring-tx\5.1.2.RELEASE\spring-tx-5.1.2.RELEASE.jar;D:\javasource\maven-repository\org\mybatis\spring\boot\mybatis-spring-boot-autoconfigure\1.3.2\mybatis-spring-boot-autoconfigure-1.3.2.jar;D:\javasource\maven-repository\org\mybatis\mybatis\3.4.6\mybatis-3.4.6.jar;D:\javasource\maven-repository\org\mybatis\mybatis-spring\1.3.2\mybatis-spring-1.3.2.jar;D:\javasource\maven-repository\mysql\mysql-connector-java\8.0.13\mysql-connector-java-8.0.13.jar;D:\javasource\maven-repository\com\alibaba\druid\1.1.12\druid-1.1.12.jar;D:\javasource\maven-repository\org\webjars\jquery\3.3.1\jquery-3.3.1.jar;D:\javasource\maven-repository\org\springframework\boot\spring-boot-devtools\2.1.0.RELEASE\spring-boot-devtools-2.1.0.RELEASE.jar;D:\javasource\maven-repository\org\springframework\boot\spring-boot\2.1.0.RELEASE\spring-boot-2.1.0.RELEASE.jar;D:\javasource\maven-repository\org\springframework\boot\spring-boot-autoconfigure\2.1.0.RELEASE\spring-boot-autoconfigure-2.1.0.RELEASE.jar;D:\javasource\maven-repository\org\springframework\boot\spring-boot-starter-test\2.1.0.RELEASE\spring-boot-starter-test-2.1.0.RELEASE.jar;D:\javasource\maven-repository\org\springframework\boot\spring-boot-test\2.1.0.RELEASE\spring-boot-test-2.1.0.RELEASE.jar;D:\javasource\maven-repository\org\springframework\boot\spring-boot-test-autoconfigure\2.1.0.RELEASE\spring-boot-test-autoconfigure-2.1.0.RELEASE.jar;D:\javasource\maven-repository\com\jayway\jsonpath\json-path\2.4.0\json-path-2.4.0.jar;D:\javasource\maven-repository\net\minidev\json-smart\2.3\json-smart-2.3.jar;D:\javasource\maven-repository\net\minidev\accessors-smart\1.2\accessors-smart-1.2.jar;D:\javasource\maven-repository\org\ow2\asm\asm\5.0.4\asm-5.0.4.jar;D:\javasource\maven-repository\junit\junit\4.12\junit-4.12.jar;D:\javasource\maven-repository\org\assertj\assertj-core\3.11.1\assertj-core-3.11.1.jar;D:\javasource\maven-repository\org\mockito\mockito-core\2.23.0\mockito-core-2.23.0.jar;D:\javasource\maven-repository\net\bytebuddy\byte-buddy\1.9.3\byte-buddy-1.9.3.jar;D:\javasource\maven-repository\net\bytebuddy\byte-buddy-agent\1.9.3\byte-buddy-agent-1.9.3.jar;D:\javasource\maven-repository\org\objenesis\objenesis\2.6\objenesis-2.6.jar;D:\javasource\maven-repository\org\hamcrest\hamcrest-core\1.3\hamcrest-core-1.3.jar;D:\javasource\maven-repository\org\hamcrest\hamcrest-library\1.3\hamcrest-library-1.3.jar;D:\javasource\maven-repository\org\skyscreamer\jsonassert\1.5.0\jsonassert-1.5.0.jar;D:\javasource\maven-repository\com\vaadin\external\google\android-json\0.0.20131108.vaadin1\android-json-0.0.20131108.vaadin1.jar;D:\javasource\maven-repository\org\springframework\spring-core\5.1.2.RELEASE\spring-core-5.1.2.RELEASE.jar;D:\javasource\maven-repository\org\springframework\spring-jcl\5.1.2.RELEASE\spring-jcl-5.1.2.RELEASE.jar;D:\javasource\maven-repository\org\springframework\spring-test\5.1.2.RELEASE\spring-test-5.1.2.RELEASE.jar;D:\javasource\maven-repository\org\xmlunit\xmlunit-core\2.6.2\xmlunit-core-2.6.2.jar;"/>
    <property name="java.vm.vendor" value="Oracle Corporation"/>
    <property name="sun.arch.data.model" value="64"/>
    <property name="user.variant" value=""/>
    <property name="java.vendor.url" value="http://java.oracle.com/"/>
    <property name="user.timezone" value="Asia/Shanghai"/>
    <property name="java.vm.specification.version" value="1.8"/>
    <property name="os.name" value="Windows 7"/>
    <property name="user.country" value="CN"/>
    <property name="sun.java.launcher" value="SUN_STANDARD"/>
    <property name="sun.boot.library.path" value="C:\Program Files\Java\jdk1.8.0_151\jre\bin"/>
    <property name="sun.java.command" value="C:\Users\ADMINI~1\AppData\Local\Temp\surefire3653774684121379316\surefirebooter6115787790482460413.jar C:\Users\Administrator\AppData\Local\Temp\surefire3653774684121379316 2018-11-17T19-58-50_794-jvmRun1 surefire4175650595670866797tmp surefire_08445567072831111920tmp"/>
    <property name="surefire.test.class.path" value="D:\SpringBootProject\spring-boot-00-bill\target\test-classes;D:\SpringBootProject\spring-boot-00-bill\target\classes;D:\javasource\maven-repository\org\springframework\boot\spring-boot-starter-thymeleaf\2.1.0.RELEASE\spring-boot-starter-thymeleaf-2.1.0.RELEASE.jar;D:\javasource\maven-repository\org\springframework\boot\spring-boot-starter\2.1.0.RELEASE\spring-boot-starter-2.1.0.RELEASE.jar;D:\javasource\maven-repository\org\springframework\boot\spring-boot-starter-logging\2.1.0.RELEASE\spring-boot-starter-logging-2.1.0.RELEASE.jar;D:\javasource\maven-repository\ch\qos\logback\logback-classic\1.2.3\logback-classic-1.2.3.jar;D:\javasource\maven-repository\ch\qos\logback\logback-core\1.2.3\logback-core-1.2.3.jar;D:\javasource\maven-repository\org\apache\logging\log4j\log4j-to-slf4j\2.11.1\log4j-to-slf4j-2.11.1.jar;D:\javasource\maven-repository\org\apache\logging\log4j\log4j-api\2.11.1\log4j-api-2.11.1.jar;D:\javasource\maven-repository\org\slf4j\jul-to-slf4j\1.7.25\jul-to-slf4j-1.7.25.jar;D:\javasource\maven-repository\javax\annotation\javax.annotation-api\1.3.2\javax.annotation-api-1.3.2.jar;D:\javasource\maven-repository\org\yaml\snakeyaml\1.23\snakeyaml-1.23.jar;D:\javasource\maven-repository\org\thymeleaf\thymeleaf-spring5\3.0.11.RELEASE\thymeleaf-spring5-3.0.11.RELEASE.jar;D:\javasource\maven-repository\org\thymeleaf\thymeleaf\3.0.11.RELEASE\thymeleaf-3.0.11.RELEASE.jar;D:\javasource\maven-repository\org\attoparser\attoparser\2.0.5.RELEASE\attoparser-2.0.5.RELEASE.jar;D:\javasource\maven-repository\org\unbescape\unbescape\1.1.6.RELEASE\unbescape-1.1.6.RELEASE.jar;D:\javasource\maven-repository\org\slf4j\slf4j-api\1.7.25\slf4j-api-1.7.25.jar;D:\javasource\maven-repository\org\thymeleaf\extras\thymeleaf-extras-java8time\3.0.1.RELEASE\thymeleaf-extras-java8time-3.0.1.RELEASE.jar;D:\javasource\maven-repository\org\springframework\boot\spring-boot-starter-web\2.1.0.RELEASE\spring-boot-starter-web-2.1.0.RELEASE.jar;D:\javasource\maven-repository\org\springframework\boot\spring-boot-starter-json\2.1.0.RELEASE\spring-boot-starter-json-2.1.0.RELEASE.jar;D:\javasource\maven-repository\com\fasterxml\jackson\core\jackson-databind\2.9.7\jackson-databind-2.9.7.jar;D:\javasource\maven-repository\com\fasterxml\jackson\core\jackson-annotations\2.9.0\jackson-annotations-2.9.0.jar;D:\javasource\maven-repository\com\fasterxml\jackson\core\jackson-core\2.9.7\jackson-core-2.9.7.jar;D:\javasource\maven-repository\com\fasterxml\jackson\datatype\jackson-datatype-jdk8\2.9.7\jackson-datatype-jdk8-2.9.7.jar;D:\javasource\maven-repository\com\fasterxml\jackson\datatype\jackson-datatype-jsr310\2.9.7\jackson-datatype-jsr310-2.9.7.jar;D:\javasource\maven-repository\com\fasterxml\jackson\module\jackson-module-parameter-names\2.9.7\jackson-module-parameter-names-2.9.7.jar;D:\javasource\maven-repository\org\springframework\boot\spring-boot-starter-tomcat\2.1.0.RELEASE\spring-boot-starter-tomcat-2.1.0.RELEASE.jar;D:\javasource\maven-repository\org\apache\tomcat\embed\tomcat-embed-core\9.0.12\tomcat-embed-core-9.0.12.jar;D:\javasource\maven-repository\org\apache\tomcat\embed\tomcat-embed-el\9.0.12\tomcat-embed-el-9.0.12.jar;D:\javasource\maven-repository\org\apache\tomcat\embed\tomcat-embed-websocket\9.0.12\tomcat-embed-websocket-9.0.12.jar;D:\javasource\maven-repository\org\hibernate\validator\hibernate-validator\6.0.13.Final\hibernate-validator-6.0.13.Final.jar;D:\javasource\maven-repository\javax\validation\validation-api\2.0.1.Final\validation-api-2.0.1.Final.jar;D:\javasource\maven-repository\org\jboss\logging\jboss-logging\3.3.2.Final\jboss-logging-3.3.2.Final.jar;D:\javasource\maven-repository\com\fasterxml\classmate\1.4.0\classmate-1.4.0.jar;D:\javasource\maven-repository\org\springframework\spring-web\5.1.2.RELEASE\spring-web-5.1.2.RELEASE.jar;D:\javasource\maven-repository\org\springframework\spring-beans\5.1.2.RELEASE\spring-beans-5.1.2.RELEASE.jar;D:\javasource\maven-repository\org\springframework\spring-webmvc\5.1.2.RELEASE\spring-webmvc-5.1.2.RELEASE.jar;D:\javasource\maven-repository\org\springframework\spring-aop\5.1.2.RELEASE\spring-aop-5.1.2.RELEASE.jar;D:\javasource\maven-repository\org\springframework\spring-context\5.1.2.RELEASE\spring-context-5.1.2.RELEASE.jar;D:\javasource\maven-repository\org\springframework\spring-expression\5.1.2.RELEASE\spring-expression-5.1.2.RELEASE.jar;D:\javasource\maven-repository\org\mybatis\spring\boot\mybatis-spring-boot-starter\1.3.2\mybatis-spring-boot-starter-1.3.2.jar;D:\javasource\maven-repository\org\springframework\boot\spring-boot-starter-jdbc\2.1.0.RELEASE\spring-boot-starter-jdbc-2.1.0.RELEASE.jar;D:\javasource\maven-repository\com\zaxxer\HikariCP\3.2.0\HikariCP-3.2.0.jar;D:\javasource\maven-repository\org\springframework\spring-jdbc\5.1.2.RELEASE\spring-jdbc-5.1.2.RELEASE.jar;D:\javasource\maven-repository\org\springframework\spring-tx\5.1.2.RELEASE\spring-tx-5.1.2.RELEASE.jar;D:\javasource\maven-repository\org\mybatis\spring\boot\mybatis-spring-boot-autoconfigure\1.3.2\mybatis-spring-boot-autoconfigure-1.3.2.jar;D:\javasource\maven-repository\org\mybatis\mybatis\3.4.6\mybatis-3.4.6.jar;D:\javasource\maven-repository\org\mybatis\mybatis-spring\1.3.2\mybatis-spring-1.3.2.jar;D:\javasource\maven-repository\mysql\mysql-connector-java\8.0.13\mysql-connector-java-8.0.13.jar;D:\javasource\maven-repository\com\alibaba\druid\1.1.12\druid-1.1.12.jar;D:\javasource\maven-repository\org\webjars\jquery\3.3.1\jquery-3.3.1.jar;D:\javasource\maven-repository\org\springframework\boot\spring-boot-devtools\2.1.0.RELEASE\spring-boot-devtools-2.1.0.RELEASE.jar;D:\javasource\maven-repository\org\springframework\boot\spring-boot\2.1.0.RELEASE\spring-boot-2.1.0.RELEASE.jar;D:\javasource\maven-repository\org\springframework\boot\spring-boot-autoconfigure\2.1.0.RELEASE\spring-boot-autoconfigure-2.1.0.RELEASE.jar;D:\javasource\maven-repository\org\springframework\boot\spring-boot-starter-test\2.1.0.RELEASE\spring-boot-starter-test-2.1.0.RELEASE.jar;D:\javasource\maven-repository\org\springframework\boot\spring-boot-test\2.1.0.RELEASE\spring-boot-test-2.1.0.RELEASE.jar;D:\javasource\maven-repository\org\springframework\boot\spring-boot-test-autoconfigure\2.1.0.RELEASE\spring-boot-test-autoconfigure-2.1.0.RELEASE.jar;D:\javasource\maven-repository\com\jayway\jsonpath\json-path\2.4.0\json-path-2.4.0.jar;D:\javasource\maven-repository\net\minidev\json-smart\2.3\json-smart-2.3.jar;D:\javasource\maven-repository\net\minidev\accessors-smart\1.2\accessors-smart-1.2.jar;D:\javasource\maven-repository\org\ow2\asm\asm\5.0.4\asm-5.0.4.jar;D:\javasource\maven-repository\junit\junit\4.12\junit-4.12.jar;D:\javasource\maven-repository\org\assertj\assertj-core\3.11.1\assertj-core-3.11.1.jar;D:\javasource\maven-repository\org\mockito\mockito-core\2.23.0\mockito-core-2.23.0.jar;D:\javasource\maven-repository\net\bytebuddy\byte-buddy\1.9.3\byte-buddy-1.9.3.jar;D:\javasource\maven-repository\net\bytebuddy\byte-buddy-agent\1.9.3\byte-buddy-agent-1.9.3.jar;D:\javasource\maven-repository\org\objenesis\objenesis\2.6\objenesis-2.6.jar;D:\javasource\maven-repository\org\hamcrest\hamcrest-core\1.3\hamcrest-core-1.3.jar;D:\javasource\maven-repository\org\hamcrest\hamcrest-library\1.3\hamcrest-library-1.3.jar;D:\javasource\maven-repository\org\skyscreamer\jsonassert\1.5.0\jsonassert-1.5.0.jar;D:\javasource\maven-repository\com\vaadin\external\google\android-json\0.0.20131108.vaadin1\android-json-0.0.20131108.vaadin1.jar;D:\javasource\maven-repository\org\springframework\spring-core\5.1.2.RELEASE\spring-core-5.1.2.RELEASE.jar;D:\javasource\maven-repository\org\springframework\spring-jcl\5.1.2.RELEASE\spring-jcl-5.1.2.RELEASE.jar;D:\javasource\maven-repository\org\springframework\spring-test\5.1.2.RELEASE\spring-test-5.1.2.RELEASE.jar;D:\javasource\maven-repository\org\xmlunit\xmlunit-core\2.6.2\xmlunit-core-2.6.2.jar;"/>
    <property name="sun.cpu.endian" value="little"/>
    <property name="user.home" value="C:\Users\Administrator"/>
    <property name="user.language" value="zh"/>
    <property name="java.specification.vendor" value="Oracle Corporation"/>
    <property name="java.home" value="C:\Program Files\Java\jdk1.8.0_151\jre"/>
    <property name="basedir" value="D:\SpringBootProject\spring-boot-00-bill"/>
    <property name="file.separator" value="\"/>
    <property name="line.separator" value="&#10;"/>
    <property name="java.vm.specification.vendor" value="Oracle Corporation"/>
    <property name="java.specification.name" value="Java Platform API Specification"/>
    <property name="java.awt.graphicsenv" value="sun.awt.Win32GraphicsEnvironment"/>
    <property name="surefire.real.class.path" value="C:\Users\ADMINI~1\AppData\Local\Temp\surefire3653774684121379316\surefirebooter6115787790482460413.jar"/>
    <property name="sun.boot.class.path" value="C:\Program Files\Java\jdk1.8.0_151\jre\lib\resources.jar;C:\Program Files\Java\jdk1.8.0_151\jre\lib\rt.jar;C:\Program Files\Java\jdk1.8.0_151\jre\lib\sunrsasign.jar;C:\Program Files\Java\jdk1.8.0_151\jre\lib\jsse.jar;C:\Program Files\Java\jdk1.8.0_151\jre\lib\jce.jar;C:\Program Files\Java\jdk1.8.0_151\jre\lib\charsets.jar;C:\Program Files\Java\jdk1.8.0_151\jre\lib\jfr.jar;C:\Program Files\Java\jdk1.8.0_151\jre\classes"/>
    <property name="user.script" value=""/>
    <property name="sun.management.compiler" value="HotSpot 64-Bit Tiered Compilers"/>
    <property name="java.runtime.version" value="1.8.0_151-b12"/>
    <property name="user.name" value="Administrator"/>
    <property name="path.separator" value=";"/>
    <property name="os.version" value="6.1"/>
    <property name="java.endorsed.dirs" value="C:\Program Files\Java\jdk1.8.0_151\jre\lib\endorsed"/>
    <property name="java.runtime.name" value="Java(TM) SE Runtime Environment"/>
    <property name="file.encoding" value="GBK"/>
    <property name="java.vm.name" value="Java HotSpot(TM) 64-Bit Server VM"/>
    <property name="localRepository" value="D:\javasource\maven-repository"/>
    <property name="java.vendor.url.bug" value="http://bugreport.sun.com/bugreport/"/>
    <property name="java.io.tmpdir" value="C:\Users\ADMINI~1\AppData\Local\Temp\"/>
    <property name="idea.version" value="2018.2.1"/>
    <property name="java.version" value="1.8.0_151"/>
    <property name="user.dir" value="D:\SpringBootProject\spring-boot-00-bill"/>
    <property name="os.arch" value="amd64"/>
    <property name="java.vm.specification.name" value="Java Virtual Machine Specification"/>
    <property name="java.awt.printerjob" value="sun.awt.windows.WPrinterJob"/>
    <property name="sun.os.patch.level" value="Service Pack 1"/>
    <property name="java.library.path" value="C:\Program Files\Java\jdk1.8.0_151\jre\bin;C:\Windows\Sun\Java\bin;C:\Windows\system32;C:\Windows;D:\workInstall\oracle\product\11.2.0\dbhome_1\bin;C:\Windows\system32;C:\Windows;C:\Windows\System32\Wbem;C:\Windows\System32\WindowsPowerShell\v1.0\;D:\workInstall\gradle-2.3\bin;D:\javaSoftware\mysql5.5\bin;D:\workInstall\MySQL5.5\bin;D:\workInstall\MySqlServer5.5\bin;C:\Program Files\MySQL\MySQL Server 5.7\bin;D:\workInstall\nodejs\;D:\javasource\android-sdk-windows\\platform-tools;D:\javasource\android-sdk-windows\\tools;C:\Windows\System32;D:\javasource\apache-ant-1.10.3-bin\bin;D:\workInstall\git\Git2.16.2\cmd;C:\Program Files\Java\jdk1.8.0_151\\bin;C:\Program Files\Java\jdk1.8.0_151\\jre\bin;D:\workInstall\TortoiseGit\bin;C:\Users\Administrator\AppData\Roaming\npm;."/>
    <property name="java.vm.info" value="mixed mode"/>
    <property name="java.vendor" value="Oracle Corporation"/>
    <property name="java.vm.version" value="25.151-b12"/>
    <property name="java.ext.dirs" value="C:\Program Files\Java\jdk1.8.0_151\jre\lib\ext;C:\Windows\Sun\Java\lib\ext"/>
    <property name="sun.io.unicode.encoding" value="UnicodeLittle"/>
    <property name="java.class.version" value="52.0"/>
  </properties>
  <testcase name="testBill" classname="com.mengxuegu.springboot.SpringBootBillApplicationTests" time="1.123">
    <error type="java.lang.NullPointerException">java.lang.NullPointerException
	at com.mengxuegu.springboot.SpringBootBillApplicationTests.testBill(SpringBootBillApplicationTests.java:56)
</error>
    <system-out><![CDATA[19:58:52.623 [main] DEBUG org.springframework.test.context.junit4.SpringJUnit4ClassRunner - SpringJUnit4ClassRunner constructor called with [class com.mengxuegu.springboot.SpringBootBillApplicationTests]
19:58:52.629 [main] DEBUG org.springframework.test.context.BootstrapUtils - Instantiating CacheAwareContextLoaderDelegate from class [org.springframework.test.context.cache.DefaultCacheAwareContextLoaderDelegate]
19:58:52.641 [main] DEBUG org.springframework.test.context.BootstrapUtils - Instantiating BootstrapContext using constructor [public org.springframework.test.context.support.DefaultBootstrapContext(java.lang.Class,org.springframework.test.context.CacheAwareContextLoaderDelegate)]
19:58:52.669 [main] DEBUG org.springframework.test.context.BootstrapUtils - Instantiating TestContextBootstrapper for test class [com.mengxuegu.springboot.SpringBootBillApplicationTests] from class [org.springframework.boot.test.context.SpringBootTestContextBootstrapper]
19:58:52.688 [main] INFO org.springframework.boot.test.context.SpringBootTestContextBootstrapper - Neither @ContextConfiguration nor @ContextHierarchy found for test class [com.mengxuegu.springboot.SpringBootBillApplicationTests], using SpringBootContextLoader
19:58:52.692 [main] DEBUG org.springframework.test.context.support.AbstractContextLoader - Did not detect default resource location for test class [com.mengxuegu.springboot.SpringBootBillApplicationTests]: class path resource [com/mengxuegu/springboot/SpringBootBillApplicationTests-context.xml] does not exist
19:58:52.693 [main] DEBUG org.springframework.test.context.support.AbstractContextLoader - Did not detect default resource location for test class [com.mengxuegu.springboot.SpringBootBillApplicationTests]: class path resource [com/mengxuegu/springboot/SpringBootBillApplicationTestsContext.groovy] does not exist
19:58:52.693 [main] INFO org.springframework.test.context.support.AbstractContextLoader - Could not detect default resource locations for test class [com.mengxuegu.springboot.SpringBootBillApplicationTests]: no resource found for suffixes {-context.xml, Context.groovy}.
19:58:52.694 [main] INFO org.springframework.test.context.support.AnnotationConfigContextLoaderUtils - Could not detect default configuration classes for test class [com.mengxuegu.springboot.SpringBootBillApplicationTests]: SpringBootBillApplicationTests does not declare any static, non-private, non-final, nested classes annotated with @Configuration.
19:58:52.753 [main] DEBUG org.springframework.test.context.support.ActiveProfilesUtils - Could not find an 'annotation declaring class' for annotation type [org.springframework.test.context.ActiveProfiles] and class [com.mengxuegu.springboot.SpringBootBillApplicationTests]
19:58:52.882 [main] DEBUG org.springframework.context.annotation.ClassPathScanningCandidateComponentProvider - Identified candidate component class: file [D:\SpringBootProject\spring-boot-00-bill\target\classes\com\mengxuegu\springboot\SpringBootBillApplication.class]
19:58:52.885 [main] INFO org.springframework.boot.test.context.SpringBootTestContextBootstrapper - Found @SpringBootConfiguration com.mengxuegu.springboot.SpringBootBillApplication for test class com.mengxuegu.springboot.SpringBootBillApplicationTests
19:58:53.006 [main] DEBUG org.springframework.boot.test.context.SpringBootTestContextBootstrapper - @TestExecutionListeners is not present for class [com.mengxuegu.springboot.SpringBootBillApplicationTests]: using defaults.
19:58:53.006 [main] INFO org.springframework.boot.test.context.SpringBootTestContextBootstrapper - Loaded default TestExecutionListener class names from location [META-INF/spring.factories]: [org.springframework.boot.test.mock.mockito.MockitoTestExecutionListener, org.springframework.boot.test.mock.mockito.ResetMocksTestExecutionListener, org.springframework.boot.test.autoconfigure.restdocs.RestDocsTestExecutionListener, org.springframework.boot.test.autoconfigure.web.client.MockRestServiceServerResetTestExecutionListener, org.springframework.boot.test.autoconfigure.web.servlet.MockMvcPrintOnlyOnFailureTestExecutionListener, org.springframework.boot.test.autoconfigure.web.servlet.WebDriverTestExecutionListener, org.springframework.test.context.web.ServletTestExecutionListener, org.springframework.test.context.support.DirtiesContextBeforeModesTestExecutionListener, org.springframework.test.context.support.DependencyInjectionTestExecutionListener, org.springframework.test.context.support.DirtiesContextTestExecutionListener, org.springframework.test.context.transaction.TransactionalTestExecutionListener, org.springframework.test.context.jdbc.SqlScriptsTestExecutionListener]
19:58:53.030 [main] INFO org.springframework.boot.test.context.SpringBootTestContextBootstrapper - Using TestExecutionListeners: [org.springframework.test.context.web.ServletTestExecutionListener@74e52ef6, org.springframework.test.context.support.DirtiesContextBeforeModesTestExecutionListener@6ed3ccb2, org.springframework.boot.test.mock.mockito.MockitoTestExecutionListener@1a677343, org.springframework.boot.test.autoconfigure.SpringBootDependencyInjectionTestExecutionListener@15de0b3c, org.springframework.test.context.support.DirtiesContextTestExecutionListener@489115ef, org.springframework.test.context.transaction.TransactionalTestExecutionListener@3857f613, org.springframework.test.context.jdbc.SqlScriptsTestExecutionListener@198b6731, org.springframework.boot.test.mock.mockito.ResetMocksTestExecutionListener@7c6908d7, org.springframework.boot.test.autoconfigure.restdocs.RestDocsTestExecutionListener@3c9754d8, org.springframework.boot.test.autoconfigure.web.client.MockRestServiceServerResetTestExecutionListener@3bf7ca37, org.springframework.boot.test.autoconfigure.web.servlet.MockMvcPrintOnlyOnFailureTestExecutionListener@79079097, org.springframework.boot.test.autoconfigure.web.servlet.WebDriverTestExecutionListener@4d1c00d0]
19:58:53.033 [main] DEBUG org.springframework.test.annotation.ProfileValueUtils - Retrieved @ProfileValueSourceConfiguration [null] for test class [com.mengxuegu.springboot.SpringBootBillApplicationTests]
19:58:53.033 [main] DEBUG org.springframework.test.annotation.ProfileValueUtils - Retrieved ProfileValueSource type [class org.springframework.test.annotation.SystemProfileValueSource] for class [com.mengxuegu.springboot.SpringBootBillApplicationTests]
19:58:53.036 [main] DEBUG org.springframework.test.annotation.ProfileValueUtils - Retrieved @ProfileValueSourceConfiguration [null] for test class [com.mengxuegu.springboot.SpringBootBillApplicationTests]
19:58:53.036 [main] DEBUG org.springframework.test.annotation.ProfileValueUtils - Retrieved ProfileValueSource type [class org.springframework.test.annotation.SystemProfileValueSource] for class [com.mengxuegu.springboot.SpringBootBillApplicationTests]
19:58:53.037 [main] DEBUG org.springframework.test.annotation.ProfileValueUtils - Retrieved @ProfileValueSourceConfiguration [null] for test class [com.mengxuegu.springboot.SpringBootBillApplicationTests]
19:58:53.037 [main] DEBUG org.springframework.test.annotation.ProfileValueUtils - Retrieved ProfileValueSource type [class org.springframework.test.annotation.SystemProfileValueSource] for class [com.mengxuegu.springboot.SpringBootBillApplicationTests]
19:58:53.045 [main] DEBUG org.springframework.test.context.support.AbstractDirtiesContextTestExecutionListener - Before test class: context [DefaultTestContext@4c178a76 testClass = SpringBootBillApplicationTests, testInstance = [null], testMethod = [null], testException = [null], mergedContextConfiguration = [WebMergedContextConfiguration@fa4c865 testClass = SpringBootBillApplicationTests, locations = '{}', classes = '{class com.mengxuegu.springboot.SpringBootBillApplication}', contextInitializerClasses = '[]', activeProfiles = '{}', propertySourceLocations = '{}', propertySourceProperties = '{org.springframework.boot.test.context.SpringBootTestContextBootstrapper=true}', contextCustomizers = set[org.springframework.boot.test.context.filter.ExcludeFilterContextCustomizer@6483f5ae, org.springframework.boot.test.json.DuplicateJsonObjectContextCustomizerFactory$DuplicateJsonObjectContextCustomizer@80169cf, org.springframework.boot.test.mock.mockito.MockitoContextCustomizer@0, org.springframework.boot.test.web.client.TestRestTemplateContextCustomizer@6c9f5c0d, org.springframework.boot.test.autoconfigure.properties.PropertyMappingContextCustomizer@0, org.springframework.boot.test.autoconfigure.web.servlet.WebDriverContextCustomizerFactory$Customizer@1442d7b5], resourceBasePath = 'src/main/webapp', contextLoader = 'org.springframework.boot.test.context.SpringBootContextLoader', parent = [null]], attributes = map['org.springframework.test.context.web.ServletTestExecutionListener.activateListener' -> true]], class annotated with @DirtiesContext [false] with mode [null].
19:58:53.046 [main] DEBUG org.springframework.test.annotation.ProfileValueUtils - Retrieved @ProfileValueSourceConfiguration [null] for test class [com.mengxuegu.springboot.SpringBootBillApplicationTests]
19:58:53.046 [main] DEBUG org.springframework.test.annotation.ProfileValueUtils - Retrieved ProfileValueSource type [class org.springframework.test.annotation.SystemProfileValueSource] for class [com.mengxuegu.springboot.SpringBootBillApplicationTests]
19:58:53.080 [main] DEBUG org.springframework.test.context.support.TestPropertySourceUtils - Adding inlined properties to environment: {spring.jmx.enabled=false, org.springframework.boot.test.context.SpringBootTestContextBootstrapper=true, server.port=-1}

  .   ____          _            __ _ _
 /\\ / ___'_ __ _ _(_)_ __  __ _ \ \ \ \
( ( )\___ | '_ | '_| | '_ \/ _` | \ \ \ \
 \\/  ___)| |_)| | | | | || (_| |  ) ) ) )
  '  |____| .__|_| |_|_| |_\__, | / / / /
 =========|_|==============|___/=/_/_/_/
 :: Spring Boot ::        (v2.1.0.RELEASE)

2018-11-17 19:58:54.027  INFO 208 --- [           main] c.m.s.SpringBootBillApplicationTests     : Starting SpringBootBillApplicationTests on PC201802211917 with PID 208 (started by Administrator in D:\SpringBootProject\spring-boot-00-bill)
2018-11-17 19:58:54.030  INFO 208 --- [           main] c.m.s.SpringBootBillApplicationTests     : No active profile set, falling back to default profiles: default
2018-11-17 19:58:56.102 ERROR 208 --- [           main] com.alibaba.druid.filter.FilterManager   : load filter error, filter not found : logback
2018-11-17 19:58:57.590  INFO 208 --- [           main] o.s.s.concurrent.ThreadPoolTaskExecutor  : Initializing ExecutorService 'applicationTaskExecutor'
2018-11-17 19:58:58.296  INFO 208 --- [           main] c.m.s.SpringBootBillApplicationTests     : Started SpringBootBillApplicationTests in 5.201 seconds (JVM running for 6.399)
2018-11-17 19:58:59.122  INFO 208 --- [           main] com.alibaba.druid.pool.DruidDataSource   : {dataSource-1} inited
2018-11-17 19:58:59.136 DEBUG 208 --- [           main] c.m.s.mapper.BillMapper.getBills         : ==>  Preparing: select b.*, p.providerName from bill b left join provider p on b.pid=p.pid where 1=1 and bill_name like '%com%' and b.pid = ? 
2018-11-17 19:58:59.382 DEBUG 208 --- [           main] c.m.s.mapper.BillMapper.getBills         : ==> Parameters: 1(Integer)
2018-11-17 19:58:59.420 DEBUG 208 --- [           main] c.m.s.mapper.BillMapper.getBills         : <==      Total: 1
Bill{bid=3, billCode='b_003', billName='com域名', billCom='年', billNum=33, money=15000.0, provider=null, pay=0, createDate=Sun Nov 12 11:58:00 CST 2028}
2018-11-17 19:58:59.426 DEBUG 208 --- [           main] c.m.s.mapper.BillMapper.getBillByBid     : ==>  Preparing: select b.*, p.providerName from bill b left join provider p on b.pid=p.pid where bid = ? 
2018-11-17 19:58:59.429 DEBUG 208 --- [           main] c.m.s.mapper.BillMapper.getBillByBid     : ==> Parameters: 1(Integer)
2018-11-17 19:58:59.430 DEBUG 208 --- [           main] c.m.s.mapper.BillMapper.getBillByBid     : <==      Total: 0
null
]]></system-out>
  </testcase>
  <testcase name="testUser" classname="com.mengxuegu.springboot.SpringBootBillApplicationTests" time="0.136"/>
  <testcase name="contextLoads" classname="com.mengxuegu.springboot.SpringBootBillApplicationTests" time="0.177"/>
</testsuite>